Analysis & Elaboration report for Final_Project
Wed Jun  5 17:14:59 2019
Quartus Prime Version 18.0.0 Build 614 04/24/2018 SJ Lite Edition


---------------------
; Table of Contents ;
---------------------
  1. Legal Notice
  2. Analysis & Elaboration Summary
  3. Parallel Compilation
  4. Parameter Settings for User Entity Instance: NES_driver:inst|shift_register:shift
  5. Parameter Settings for User Entity Instance: NES_driver:inst|Counter:count
  6. Parameter Settings for User Entity Instance: NES_driver:inst|Comparator:c
  7. Parameter Settings for User Entity Instance: NES_driver:inst|register:regist
  8. Parameter Settings for User Entity Instance: NES_Controller:inst2|shift_register:shifter
  9. Analysis & Elaboration Settings
 10. Port Connectivity Checks: "NES_Controller:inst2|shift_register:shifter"
 11. Port Connectivity Checks: "NES_driver:inst|Comparator:c"
 12. Port Connectivity Checks: "NES_driver:inst|shift_register:shift"
 13. Analysis & Elaboration Messages



----------------
; Legal Notice ;
----------------
Copyright (C) 2018  Intel Corporation. All rights reserved.
Your use of Intel Corporation's design tools, logic functions 
and other software and tools, and its AMPP partner logic 
functions, and any output files from any of the foregoing 
(including device programming or simulation files), and any 
associated documentation or information are expressly subject 
to the terms and conditions of the Intel Program License 
Subscription Agreement, the Intel Quartus Prime License Agreement,
the Intel FPGA IP License Agreement, or other applicable license
agreement, including, without limitation, that your use is for
the sole purpose of programming logic devices manufactured by
Intel and sold by Intel or its authorized distributors.  Please
refer to the applicable agreement for further details.



+----------------------------------------------------------------------------------+
; Analysis & Elaboration Summary                                                   ;
+------------------------------------+---------------------------------------------+
; Analysis & Elaboration Status      ; Successful - Wed Jun  5 17:14:59 2019       ;
; Quartus Prime Version              ; 18.0.0 Build 614 04/24/2018 SJ Lite Edition ;
; Revision Name                      ; Final_Project                               ;
; Top-level Entity Name              ; Final_Project                               ;
; Family                             ; MAX 10                                      ;
; Total logic elements               ; N/A until Partition Merge                   ;
;     Total combinational functions  ; N/A until Partition Merge                   ;
;     Dedicated logic registers      ; N/A until Partition Merge                   ;
; Total registers                    ; N/A until Partition Merge                   ;
; Total pins                         ; N/A until Partition Merge                   ;
; Total virtual pins                 ; N/A until Partition Merge                   ;
; Total memory bits                  ; N/A until Partition Merge                   ;
; Embedded Multiplier 9-bit elements ; N/A until Partition Merge                   ;
; Total PLLs                         ; N/A until Partition Merge                   ;
; UFM blocks                         ; N/A until Partition Merge                   ;
; ADC blocks                         ; N/A until Partition Merge                   ;
+------------------------------------+---------------------------------------------+


+------------------------------------------+
; Parallel Compilation                     ;
+----------------------------+-------------+
; Processors                 ; Number      ;
+----------------------------+-------------+
; Number detected on machine ; 4           ;
; Maximum allowed            ; 2           ;
;                            ;             ;
; Average used               ; 1.00        ;
; Maximum used               ; 1           ;
;                            ;             ;
; Usage by Processor         ; % Time Used ;
;     Processor 1            ; 100.0%      ;
+----------------------------+-------------+


+-----------------------------------------------------------------------------------+
; Parameter Settings for User Entity Instance: NES_driver:inst|shift_register:shift ;
+----------------+-------+----------------------------------------------------------+
; Parameter Name ; Value ; Type                                                     ;
+----------------+-------+----------------------------------------------------------+
; N              ; 8     ; Signed Integer                                           ;
+----------------+-------+----------------------------------------------------------+
Note: In order to hide this table in the UI and the text report file, please set the "Show Parameter Settings in Synthesis Report" option in "Analysis and Synthesis Settings -> More Settings" to "Off".


+----------------------------------------------------------------------------+
; Parameter Settings for User Entity Instance: NES_driver:inst|Counter:count ;
+----------------+-------+---------------------------------------------------+
; Parameter Name ; Value ; Type                                              ;
+----------------+-------+---------------------------------------------------+
; width          ; 4     ; Signed Integer                                    ;
+----------------+-------+---------------------------------------------------+
Note: In order to hide this table in the UI and the text report file, please set the "Show Parameter Settings in Synthesis Report" option in "Analysis and Synthesis Settings -> More Settings" to "Off".


+---------------------------------------------------------------------------+
; Parameter Settings for User Entity Instance: NES_driver:inst|Comparator:c ;
+----------------+-------+--------------------------------------------------+
; Parameter Name ; Value ; Type                                             ;
+----------------+-------+--------------------------------------------------+
; N              ; 4     ; Signed Integer                                   ;
+----------------+-------+--------------------------------------------------+
Note: In order to hide this table in the UI and the text report file, please set the "Show Parameter Settings in Synthesis Report" option in "Analysis and Synthesis Settings -> More Settings" to "Off".


+------------------------------------------------------------------------------+
; Parameter Settings for User Entity Instance: NES_driver:inst|register:regist ;
+----------------+-------+-----------------------------------------------------+
; Parameter Name ; Value ; Type                                                ;
+----------------+-------+-----------------------------------------------------+
; N              ; 8     ; Signed Integer                                      ;
+----------------+-------+-----------------------------------------------------+
Note: In order to hide this table in the UI and the text report file, please set the "Show Parameter Settings in Synthesis Report" option in "Analysis and Synthesis Settings -> More Settings" to "Off".


+------------------------------------------------------------------------------------------+
; Parameter Settings for User Entity Instance: NES_Controller:inst2|shift_register:shifter ;
+----------------+-------+-----------------------------------------------------------------+
; Parameter Name ; Value ; Type                                                            ;
+----------------+-------+-----------------------------------------------------------------+
; N              ; 8     ; Signed Integer                                                  ;
+----------------+-------+-----------------------------------------------------------------+
Note: In order to hide this table in the UI and the text report file, please set the "Show Parameter Settings in Synthesis Report" option in "Analysis and Synthesis Settings -> More Settings" to "Off".


+------------------------------------------------------------------------------------------------------------+
; Analysis & Elaboration Settings                                                                            ;
+------------------------------------------------------------------+--------------------+--------------------+
; Option                                                           ; Setting            ; Default Value      ;
+------------------------------------------------------------------+--------------------+--------------------+
; Device                                                           ; 10M50DAF484C7G     ;                    ;
; Top-level entity name                                            ; Final_Project      ; Final_Project      ;
; Family name                                                      ; MAX 10             ; Cyclone V          ;
; Use smart compilation                                            ; Off                ; Off                ;
; Enable parallel Assembler and Timing Analyzer during compilation ; On                 ; On                 ;
; Enable compact report table                                      ; Off                ; Off                ;
; Restructure Multiplexers                                         ; Auto               ; Auto               ;
; Create Debugging Nodes for IP Cores                              ; Off                ; Off                ;
; Preserve fewer node names                                        ; On                 ; On                 ;
; Intel FPGA IP Evaluation Mode                                    ; Enable             ; Enable             ;
; Verilog Version                                                  ; Verilog_2001       ; Verilog_2001       ;
; VHDL Version                                                     ; VHDL_1993          ; VHDL_1993          ;
; State Machine Processing                                         ; Auto               ; Auto               ;
; Safe State Machine                                               ; Off                ; Off                ;
; Extract Verilog State Machines                                   ; On                 ; On                 ;
; Extract VHDL State Machines                                      ; On                 ; On                 ;
; Ignore Verilog initial constructs                                ; Off                ; Off                ;
; Iteration limit for constant Verilog loops                       ; 5000               ; 5000               ;
; Iteration limit for non-constant Verilog loops                   ; 250                ; 250                ;
; Add Pass-Through Logic to Inferred RAMs                          ; On                 ; On                 ;
; Infer RAMs from Raw Logic                                        ; On                 ; On                 ;
; Parallel Synthesis                                               ; On                 ; On                 ;
; DSP Block Balancing                                              ; Auto               ; Auto               ;
; NOT Gate Push-Back                                               ; On                 ; On                 ;
; Power-Up Don't Care                                              ; On                 ; On                 ;
; Remove Redundant Logic Cells                                     ; Off                ; Off                ;
; Remove Duplicate Registers                                       ; On                 ; On                 ;
; Ignore CARRY Buffers                                             ; Off                ; Off                ;
; Ignore CASCADE Buffers                                           ; Off                ; Off                ;
; Ignore GLOBAL Buffers                                            ; Off                ; Off                ;
; Ignore ROW GLOBAL Buffers                                        ; Off                ; Off                ;
; Ignore LCELL Buffers                                             ; Off                ; Off                ;
; Ignore SOFT Buffers                                              ; On                 ; On                 ;
; Limit AHDL Integers to 32 Bits                                   ; Off                ; Off                ;
; Optimization Technique                                           ; Balanced           ; Balanced           ;
; Carry Chain Length                                               ; 70                 ; 70                 ;
; Auto Carry Chains                                                ; On                 ; On                 ;
; Auto Open-Drain Pins                                             ; On                 ; On                 ;
; Perform WYSIWYG Primitive Resynthesis                            ; Off                ; Off                ;
; Auto ROM Replacement                                             ; On                 ; On                 ;
; Auto RAM Replacement                                             ; On                 ; On                 ;
; Auto DSP Block Replacement                                       ; On                 ; On                 ;
; Auto Shift Register Replacement                                  ; Auto               ; Auto               ;
; Allow Shift Register Merging across Hierarchies                  ; Auto               ; Auto               ;
; Auto Clock Enable Replacement                                    ; On                 ; On                 ;
; Strict RAM Replacement                                           ; Off                ; Off                ;
; Allow Synchronous Control Signals                                ; On                 ; On                 ;
; Force Use of Synchronous Clear Signals                           ; Off                ; Off                ;
; Auto RAM Block Balancing                                         ; On                 ; On                 ;
; Auto RAM to Logic Cell Conversion                                ; Off                ; Off                ;
; Auto Resource Sharing                                            ; Off                ; Off                ;
; Allow Any RAM Size For Recognition                               ; Off                ; Off                ;
; Allow Any ROM Size For Recognition                               ; Off                ; Off                ;
; Allow Any Shift Register Size For Recognition                    ; Off                ; Off                ;
; Use LogicLock Constraints during Resource Balancing              ; On                 ; On                 ;
; Ignore translate_off and synthesis_off directives                ; Off                ; Off                ;
; Timing-Driven Synthesis                                          ; On                 ; On                 ;
; Report Parameter Settings                                        ; On                 ; On                 ;
; Report Source Assignments                                        ; On                 ; On                 ;
; Report Connectivity Checks                                       ; On                 ; On                 ;
; Ignore Maximum Fan-Out Assignments                               ; Off                ; Off                ;
; Synchronization Register Chain Length                            ; 2                  ; 2                  ;
; Power Optimization During Synthesis                              ; Normal compilation ; Normal compilation ;
; HDL message level                                                ; Level2             ; Level2             ;
; Suppress Register Optimization Related Messages                  ; Off                ; Off                ;
; Number of Removed Registers Reported in Synthesis Report         ; 5000               ; 5000               ;
; Number of Swept Nodes Reported in Synthesis Report               ; 5000               ; 5000               ;
; Number of Inverted Registers Reported in Synthesis Report        ; 100                ; 100                ;
; Clock MUX Protection                                             ; On                 ; On                 ;
; Auto Gated Clock Conversion                                      ; Off                ; Off                ;
; Block Design Naming                                              ; Auto               ; Auto               ;
; SDC constraint protection                                        ; Off                ; Off                ;
; Synthesis Effort                                                 ; Auto               ; Auto               ;
; Shift Register Replacement - Allow Asynchronous Clear Signal     ; On                 ; On                 ;
; Pre-Mapping Resynthesis Optimization                             ; Off                ; Off                ;
; Analysis & Synthesis Message Level                               ; Medium             ; Medium             ;
; Disable Register Merging Across Hierarchies                      ; Auto               ; Auto               ;
; Resource Aware Inference For Block RAM                           ; On                 ; On                 ;
+------------------------------------------------------------------+--------------------+--------------------+


+-------------------------------------------------------------------------------------------------------------------------------------+
; Port Connectivity Checks: "NES_Controller:inst2|shift_register:shifter"                                                             ;
+------+--------+----------+----------------------------------------------------------------------------------------------------------+
; Port ; Type   ; Severity ; Details                                                                                                  ;
+------+--------+----------+----------------------------------------------------------------------------------------------------------+
; D    ; Input  ; Info     ; Stuck at GND                                                                                             ;
; Q    ; Output ; Warning  ; Declared by entity but not connected by instance. Logic that only feeds a dangling port will be removed. ;
+------+--------+----------+----------------------------------------------------------------------------------------------------------+


+----------------------------------------------------------------------------------------------------------------------------------------+
; Port Connectivity Checks: "NES_driver:inst|Comparator:c"                                                                               ;
+---------+--------+----------+----------------------------------------------------------------------------------------------------------+
; Port    ; Type   ; Severity ; Details                                                                                                  ;
+---------+--------+----------+----------------------------------------------------------------------------------------------------------+
; b[2..0] ; Input  ; Info     ; Stuck at VCC                                                                                             ;
; b[3]    ; Input  ; Info     ; Stuck at GND                                                                                             ;
; eq      ; Output ; Warning  ; Declared by entity but not connected by instance. Logic that only feeds a dangling port will be removed. ;
; neq     ; Output ; Warning  ; Declared by entity but not connected by instance. Logic that only feeds a dangling port will be removed. ;
; lt      ; Output ; Warning  ; Declared by entity but not connected by instance. Logic that only feeds a dangling port will be removed. ;
; lte     ; Output ; Warning  ; Declared by entity but not connected by instance. Logic that only feeds a dangling port will be removed. ;
; gte     ; Output ; Warning  ; Declared by entity but not connected by instance. Logic that only feeds a dangling port will be removed. ;
+---------+--------+----------+----------------------------------------------------------------------------------------------------------+


+--------------------------------------------------------------------------------------------------------------------------------------------------------------------------------------------------------------------+
; Port Connectivity Checks: "NES_driver:inst|shift_register:shift"                                                                                                                                                   ;
+-----------+--------+----------+------------------------------------------------------------------------------------------------------------------------------------------------------------------------------------+
; Port      ; Type   ; Severity ; Details                                                                                                                                                                            ;
+-----------+--------+----------+------------------------------------------------------------------------------------------------------------------------------------------------------------------------------------+
; load      ; Input  ; Warning  ; Input port expression (32 bits) is wider than the input port (1 bits) it drives.  The 31 most-significant bit(s) in the expression will be dangling if they have no other fanouts. ;
; load[-1]  ; Input  ; Info     ; Stuck at GND                                                                                                                                                                       ;
; par       ; Input  ; Warning  ; Input port expression (32 bits) is wider than the input port (8 bits) it drives.  The 24 most-significant bit(s) in the expression will be dangling if they have no other fanouts. ;
; par[7..0] ; Input  ; Info     ; Stuck at GND                                                                                                                                                                       ;
; sout      ; Output ; Warning  ; Declared by entity but not connected by instance. Logic that only feeds a dangling port will be removed.                                                                           ;
+-----------+--------+----------+------------------------------------------------------------------------------------------------------------------------------------------------------------------------------------+


+---------------------------------+
; Analysis & Elaboration Messages ;
+---------------------------------+
Info: *******************************************************************
Info: Running Quartus Prime Analysis & Elaboration
    Info: Version 18.0.0 Build 614 04/24/2018 SJ Lite Edition
    Info: Processing started: Wed Jun  5 17:14:38 2019
Info: Command: quartus_map --read_settings_files=on --write_settings_files=off Final_Project -c Final_Project --analysis_and_elaboration
Warning (18236): Number of processors has not been specified which may cause overloading on shared machines.  Set the global assignment NUM_PARALLEL_PROCESSORS in your QSF to an appropriate value for best performance.
Info (20030): Parallel compilation is enabled and will use 2 of the 2 processors detected
Info (12021): Found 1 design units, including 1 entities, in source file Counter.sv
    Info (12023): Found entity 1: Counter File: /home/thomas/ECE271_Final_Design_Project/Counter.sv Line: 1
Info (12021): Found 1 design units, including 1 entities, in source file Comparator.sv
    Info (12023): Found entity 1: Comparator File: /home/thomas/ECE271_Final_Design_Project/Comparator.sv Line: 1
Info (12021): Found 1 design units, including 1 entities, in source file NES_driver.sv
    Info (12023): Found entity 1: NES_driver File: /home/thomas/ECE271_Final_Design_Project/NES_driver.sv Line: 1
Info (12021): Found 1 design units, including 1 entities, in source file Final_Project.sv
    Info (12023): Found entity 1: Final_Project File: /home/thomas/ECE271_Final_Design_Project/Final_Project.sv Line: 1
Info (12021): Found 1 design units, including 1 entities, in source file shift_register.sv
    Info (12023): Found entity 1: shift_register File: /home/thomas/ECE271_Final_Design_Project/shift_register.sv Line: 1
Info (12021): Found 1 design units, including 1 entities, in source file Synchronizer.sv
    Info (12023): Found entity 1: Synchronizer File: /home/thomas/ECE271_Final_Design_Project/Synchronizer.sv Line: 1
Info (12021): Found 1 design units, including 1 entities, in source file PS2_Controller.sv
    Info (12023): Found entity 1: PS2_Controller File: /home/thomas/ECE271_Final_Design_Project/PS2_Controller.sv Line: 1
Info (12021): Found 1 design units, including 1 entities, in source file NES_Controller.sv
    Info (12023): Found entity 1: NES_Controller File: /home/thomas/ECE271_Final_Design_Project/NES_Controller.sv Line: 1
Info (12021): Found 1 design units, including 1 entities, in source file PS2_test.sv
    Info (12023): Found entity 1: PS2_test File: /home/thomas/ECE271_Final_Design_Project/PS2_test.sv Line: 1
Info (12021): Found 1 design units, including 1 entities, in source file Count_Block.sv
    Info (12023): Found entity 1: Count_Block File: /home/thomas/ECE271_Final_Design_Project/Count_Block.sv Line: 1
Info (12021): Found 1 design units, including 1 entities, in source file counter_test.sv
    Info (12023): Found entity 1: counter_test File: /home/thomas/ECE271_Final_Design_Project/counter_test.sv Line: 1
Info (12127): Elaborating entity "Final_Project" for the top level hierarchy
Info (12128): Elaborating entity "NES_driver" for hierarchy "NES_driver:inst" File: /home/thomas/ECE271_Final_Design_Project/Final_Project.sv Line: 35
Info (12128): Elaborating entity "shift_register" for hierarchy "NES_driver:inst|shift_register:shift" File: /home/thomas/ECE271_Final_Design_Project/NES_driver.sv Line: 46
Info (12128): Elaborating entity "Counter" for hierarchy "NES_driver:inst|Counter:count" File: /home/thomas/ECE271_Final_Design_Project/NES_driver.sv Line: 52
Warning (10230): Verilog HDL assignment warning at Counter.sv(9): truncated value with size 32 to match size of target (4) File: /home/thomas/ECE271_Final_Design_Project/Counter.sv Line: 9
Info (12128): Elaborating entity "Comparator" for hierarchy "NES_driver:inst|Comparator:c" File: /home/thomas/ECE271_Final_Design_Project/NES_driver.sv Line: 56
Warning (12125): Using design file register.sv, which is not specified as a design file for the current project, but contains definitions for 1 design units and 1 entities in project
    Info (12023): Found entity 1: register File: /home/thomas/ECE271_Final_Design_Project/register.sv Line: 1
Info (12128): Elaborating entity "register" for hierarchy "NES_driver:inst|register:regist" File: /home/thomas/ECE271_Final_Design_Project/NES_driver.sv Line: 62
Info (12128): Elaborating entity "Synchronizer" for hierarchy "NES_driver:inst|Synchronizer:sync" File: /home/thomas/ECE271_Final_Design_Project/NES_driver.sv Line: 68
Info (12128): Elaborating entity "NES_Controller" for hierarchy "NES_Controller:inst2" File: /home/thomas/ECE271_Final_Design_Project/Final_Project.sv Line: 64
Warning (12125): Using design file PS2FSM.sv, which is not specified as a design file for the current project, but contains definitions for 1 design units and 1 entities in project
    Info (12023): Found entity 1: PS2FSM File: /home/thomas/ECE271_Final_Design_Project/PS2FSM.sv Line: 1
Info (12128): Elaborating entity "PS2FSM" for hierarchy "PS2FSM:ps2keyboard" File: /home/thomas/ECE271_Final_Design_Project/Final_Project.sv Line: 68
Warning (10230): Verilog HDL assignment warning at PS2FSM.sv(30): truncated value with size 32 to match size of target (4) File: /home/thomas/ECE271_Final_Design_Project/PS2FSM.sv Line: 30
Warning (10230): Verilog HDL assignment warning at PS2FSM.sv(49): truncated value with size 32 to match size of target (4) File: /home/thomas/ECE271_Final_Design_Project/PS2FSM.sv Line: 49
Warning (10230): Verilog HDL assignment warning at PS2FSM.sv(77): truncated value with size 32 to match size of target (4) File: /home/thomas/ECE271_Final_Design_Project/PS2FSM.sv Line: 77
Warning (12241): 3 hierarchies have connectivity warnings - see the Connectivity Checks report folder
Info: Quartus Prime Analysis & Elaboration was successful. 0 errors, 8 warnings
    Info: Peak virtual memory: 1174 megabytes
    Info: Processing ended: Wed Jun  5 17:14:59 2019
    Info: Elapsed time: 00:00:21
    Info: Total CPU time (on all processors): 00:00:54


